-------------------------------------------------------------------
 Info: To run c tagging on MiniAOD, c-tag-specific IVF secondary
       vertices will be remade.
-------------------------------------------------------------------
Updating process to run DeepBoostedJet on datasets before 103X
Updating process to run ParticleNet before it's included in MiniAOD
Updating process to run DeepDoubleX on datasets before 104X
Updating process to run DeepDoubleXv2 on datasets before 11X
Will recalculate the following discriminators on AK8 jets: pfDeepBoostedJetTags:probTbcq, pfDeepBoostedJetTags:probTbqq, pfDeepBoostedJetTags:probTbc, pfDeepBoostedJetTags:probTbq, pfDeepBoostedJetTags:probWcq, pfDeepBoostedJetTags:probWqq, pfDeepBoostedJetTags:probZbb, pfDeepBoostedJetTags:probZcc, pfDeepBoostedJetTags:probZqq, pfDeepBoostedJetTags:probHbb, pfDeepBoostedJetTags:probHcc, pfDeepBoostedJetTags:probHqqqq, pfDeepBoostedJetTags:probQCDbb, pfDeepBoostedJetTags:probQCDcc, pfDeepBoostedJetTags:probQCDb, pfDeepBoostedJetTags:probQCDc, pfDeepBoostedJetTags:probQCDothers, pfDeepBoostedDiscriminatorsJetTags:TvsQCD, pfDeepBoostedDiscriminatorsJetTags:WvsQCD, pfDeepBoostedDiscriminatorsJetTags:ZvsQCD, pfDeepBoostedDiscriminatorsJetTags:ZbbvsQCD, pfDeepBoostedDiscriminatorsJetTags:HbbvsQCD, pfDeepBoostedDiscriminatorsJetTags:H4qvsQCD, pfMassDecorrelatedDeepBoostedJetTags:probTbcq, pfMassDecorrelatedDeepBoostedJetTags:probTbqq, pfMassDecorrelatedDeepBoostedJetTags:probTbc, pfMassDecorrelatedDeepBoostedJetTags:probTbq, pfMassDecorrelatedDeepBoostedJetTags:probWcq, pfMassDecorrelatedDeepBoostedJetTags:probWqq, pfMassDecorrelatedDeepBoostedJetTags:probZbb, pfMassDecorrelatedDeepBoostedJetTags:probZcc, pfMassDecorrelatedDeepBoostedJetTags:probZqq, pfMassDecorrelatedDeepBoostedJetTags:probHbb, pfMassDecorrelatedDeepBoostedJetTags:probHcc, pfMassDecorrelatedDeepBoostedJetTags:probHqqqq, pfMassDecorrelatedDeepBoostedJetTags:probQCDbb, pfMassDecorrelatedDeepBoostedJetTags:probQCDcc, pfMassDecorrelatedDeepBoostedJetTags:probQCDb, pfMassDecorrelatedDeepBoostedJetTags:probQCDc, pfMassDecorrelatedDeepBoostedJetTags:probQCDothers, pfMassDecorrelatedDeepBoostedDiscriminatorsJetTags:TvsQCD, pfMassDecorrelatedDeepBoostedDiscriminatorsJetTags:WvsQCD, pfMassDecorrelatedDeepBoostedDiscriminatorsJetTags:ZvsQCD, pfMassDecorrelatedDeepBoostedDiscriminatorsJetTags:ZHbbvsQCD, pfMassDecorrelatedDeepBoostedDiscriminatorsJetTags:ZbbvsQCD, pfMassDecorrelatedDeepBoostedDiscriminatorsJetTags:HbbvsQCD, pfMassDecorrelatedDeepBoostedDiscriminatorsJetTags:H4qvsQCD, pfMassDecorrelatedDeepBoostedDiscriminatorsJetTags:ZHccvsQCD, pfMassDecorrelatedDeepBoostedDiscriminatorsJetTags:bbvsLight, pfMassDecorrelatedDeepBoostedDiscriminatorsJetTags:ccvsLight, pfParticleNetJetTags:probTbcq, pfParticleNetJetTags:probTbqq, pfParticleNetJetTags:probTbc, pfParticleNetJetTags:probTbq, pfParticleNetJetTags:probTbel, pfParticleNetJetTags:probTbmu, pfParticleNetJetTags:probTbta, pfParticleNetJetTags:probWcq, pfParticleNetJetTags:probWqq, pfParticleNetJetTags:probZbb, pfParticleNetJetTags:probZcc, pfParticleNetJetTags:probZqq, pfParticleNetJetTags:probHbb, pfParticleNetJetTags:probHcc, pfParticleNetJetTags:probHqqqq, pfParticleNetJetTags:probQCDbb, pfParticleNetJetTags:probQCDcc, pfParticleNetJetTags:probQCDb, pfParticleNetJetTags:probQCDc, pfParticleNetJetTags:probQCDothers, pfParticleNetDiscriminatorsJetTags:TvsQCD, pfParticleNetDiscriminatorsJetTags:WvsQCD, pfParticleNetDiscriminatorsJetTags:ZvsQCD, pfParticleNetDiscriminatorsJetTags:ZbbvsQCD, pfParticleNetDiscriminatorsJetTags:HbbvsQCD, pfParticleNetDiscriminatorsJetTags:HccvsQCD, pfParticleNetDiscriminatorsJetTags:H4qvsQCD, pfMassDecorrelatedParticleNetJetTags:probXbb, pfMassDecorrelatedParticleNetJetTags:probXcc, pfMassDecorrelatedParticleNetJetTags:probXqq, pfMassDecorrelatedParticleNetJetTags:probQCDbb, pfMassDecorrelatedParticleNetJetTags:probQCDcc, pfMassDecorrelatedParticleNetJetTags:probQCDb, pfMassDecorrelatedParticleNetJetTags:probQCDc, pfMassDecorrelatedParticleNetJetTags:probQCDothers, pfMassDecorrelatedParticleNetDiscriminatorsJetTags:XbbvsQCD, pfMassDecorrelatedParticleNetDiscriminatorsJetTags:XccvsQCD, pfMassDecorrelatedParticleNetDiscriminatorsJetTags:XqqvsQCD, pfParticleNetMassRegressionJetTags:mass, pfDeepDoubleBvLJetTags:probHbb, pfDeepDoubleCvLJetTags:probHcc, pfDeepDoubleCvBJetTags:probHcc, pfMassIndependentDeepDoubleBvLJetTags:probHbb, pfMassIndependentDeepDoubleCvLJetTags:probHcc, pfMassIndependentDeepDoubleCvBJetTags:probHcc, pfMassIndependentDeepDoubleBvLV2JetTags:probHbb, pfMassIndependentDeepDoubleCvLV2JetTags:probHcc, pfMassIndependentDeepDoubleCvBV2JetTags:probHcc
add DeepMET Producers
|---- jetToolbox: Initializing collection... (with postfix )
|---- jetToolBox: Adding these btag discriminators: ['pfCombinedInclusiveSecondaryVertexV2BJetTags', 'pfCombinedCvsLJetTags', 'pfCombinedCvsBJetTags'] in the subjet collection.
|---- jetToolBox: Adding these btag discriminators: ['pfBoostedDoubleSecondaryVertexAK8BJetTags', 'pfMassIndependentDeepDoubleBvLJetTags:probQCD', 'pfMassIndependentDeepDoubleBvLJetTags:probHbb', 'pfMassIndependentDeepDoubleCvLJetTags:probQCD', 'pfMassIndependentDeepDoubleCvLJetTags:probHcc', 'pfMassIndependentDeepDoubleCvBJetTags:probHbb', 'pfMassIndependentDeepDoubleCvBJetTags:probHcc'] in the jet collection.
|---- jetToolBox: DeepCSV and DeepFlavour btag discriminators were trained for AK4 CHS jets. You are trying to use it in other configuration. Use it at your own risk.
|---- jetToolBox: JETTOOLBOX RUNNING ON MiniAOD FOR AK8 JETS USING Puppi
|---- jetToolBox: Applying these corrections: ('AK8PFPuppi', ['L2Relative', 'L3Absolute'], 'None')
|---- jetToolBox: Creating packedPatJetsAK8PFPuppiSoftDrop collection with SoftDrop subjets.
|---- jetToolBox: Running ak8PFJetsPuppiSoftDropMass, selectedPatJetsAK8PFPuppiSoftDropPacked:SubJets, ak8PFJetsPuppiPrunedMass, NjettinessAK8Puppi, nb1AK8PuppiSoftDrop, nb1AK8PuppiSoftDropSubjets.
|---- jetToolBox: Creating selectedPatJetsAK8PFPuppi collection.
[1m|---- jetToolBox: RUNNING FROM MINIAOD BUT STORING VARIABLES IN NANOAOD FORMAT.[0m
07-Dec-2021 18:05:35 EST  Initiating request to open file file:/cms/se/phedex/store/mc/RunIISummer20UL16MiniAODv2/GJets_HT-100To200_TuneCP5_13TeV-madgraphMLM-pythia8/MINIAODSIM/4cores5k_106X_mcRun2_asymptotic_v17-v1/70000/62F14600-2A40-1140-8E9E-0DDD889FEE5B.root
07-Dec-2021 18:05:41 EST  Successfully opened file file:/cms/se/phedex/store/mc/RunIISummer20UL16MiniAODv2/GJets_HT-100To200_TuneCP5_13TeV-madgraphMLM-pythia8/MINIAODSIM/4cores5k_106X_mcRun2_asymptotic_v17-v1/70000/62F14600-2A40-1140-8E9E-0DDD889FEE5B.root
2021-12-07 18:05:47.760947: I tensorflow/core/platform/cpu_feature_guard.cc:140] Your CPU supports instructions that this TensorFlow binary was not compiled to use: SSE4.1 SSE4.2 AVX AVX2 FMA
07-Dec-2021 18:05:52 EST  Closed file file:/cms/se/phedex/store/mc/RunIISummer20UL16MiniAODv2/GJets_HT-100To200_TuneCP5_13TeV-madgraphMLM-pythia8/MINIAODSIM/4cores5k_106X_mcRun2_asymptotic_v17-v1/70000/62F14600-2A40-1140-8E9E-0DDD889FEE5B.root
----- Begin Fatal Exception 07-Dec-2021 18:05:52 EST-----------------------
An exception of category 'FatalRootError' occurred while
   [0] Constructing the EventProcessor
   [1] Constructing module: class=BJetEnergyRegressionMVA label='bjetNN'
   Additional Info:
      [a] Fatal Root Error: @SUB=TSystem::ExpandFileName
input: $HOME/.root.mimes, output: $HOME/.root.mimes

----- End Fatal Exception -------------------------------------------------
